<?xml version="1.0" encoding="UTF-8"?>
<robot generator="Robot 7.0 (Python 3.12.3 on win32)" generated="2024-06-02T13:22:10.049472" rpa="false" schemaversion="5">
<suite id="s1" name="DataDrivenTestCases" source="C:\Users\Anand\RobertFrameworkpython\DataDrivenTestCases">
<suite id="s1-s1" name="DatadrivenTest1" source="C:\Users\Anand\RobertFrameworkpython\DataDrivenTestCases\DatadrivenTest1.robot">
<kw name="openMyBrowser" owner="login_resource" type="SETUP">
<kw name="Open Browser" owner="SeleniumLibrary">
<msg time="2024-06-02T13:22:10.529631" level="INFO">Opening browser 'headlesschrome' to base url 'https://admin-demo.nopcommerce.com/login?ReturnUrl=%2Fadmin%2F'.</msg>
<arg>${url}</arg>
<arg>${browser}</arg>
<doc>Opens a new browser instance to the optional ``url``.</doc>
<status status="PASS" start="2024-06-02T13:22:10.527827" elapsed="4.626160"/>
</kw>
<kw name="Maximize Browser Window" owner="SeleniumLibrary">
<doc>Maximizes current browser window.</doc>
<status status="PASS" start="2024-06-02T13:22:15.153987" elapsed="0.132187"/>
</kw>
<status status="PASS" start="2024-06-02T13:22:10.527827" elapsed="4.760606"/>
</kw>
<test id="s1-s1-t1" name="Correct user empty pass" line="9">
<kw name="Invalid login">
<kw name="InputUserName" owner="login_resource">
<kw name="Input Text" owner="SeleniumLibrary">
<msg time="2024-06-02T13:22:15.297949" level="INFO">Typing text 'admin@yourstore.com' into text field 'id:Email'.</msg>
<arg>id:Email</arg>
<arg>${username}</arg>
<doc>Types the given ``text`` into the text field identified by ``locator``.</doc>
<status status="PASS" start="2024-06-02T13:22:15.297949" elapsed="0.469612"/>
</kw>
<arg>${username}</arg>
<status status="PASS" start="2024-06-02T13:22:15.293440" elapsed="0.474121"/>
</kw>
<kw name="Inputpwd" owner="login_resource">
<kw name="Input Text" owner="SeleniumLibrary">
<msg time="2024-06-02T13:22:15.768341" level="INFO">Typing text '' into text field 'id:Password'.</msg>
<arg>id:Password</arg>
<arg>${password}</arg>
<doc>Types the given ``text`` into the text field identified by ``locator``.</doc>
<status status="PASS" start="2024-06-02T13:22:15.768341" elapsed="0.678884"/>
</kw>
<arg>${password}</arg>
<status status="PASS" start="2024-06-02T13:22:15.768341" elapsed="0.679780"/>
</kw>
<kw name="ClickLoginButton" owner="login_resource">
<kw name="Click Element" owner="SeleniumLibrary">
<msg time="2024-06-02T13:22:16.449682" level="INFO">Clicking element 'xpath://button[text()='Log in']'.</msg>
<arg>xpath://button[text()='Log in']</arg>
<doc>Click the element identified by ``locator``.</doc>
<status status="PASS" start="2024-06-02T13:22:16.448121" elapsed="1.867489"/>
</kw>
<status status="PASS" start="2024-06-02T13:22:16.448121" elapsed="1.867489"/>
</kw>
<kw name="ValidateErrorMessageLoginFailed" owner="login_resource">
<kw name="Page Should Contain" owner="SeleniumLibrary">
<msg time="2024-06-02T13:22:18.502840" level="INFO">Current page contains text 'Login was unsuccessful'.</msg>
<arg>Login was unsuccessful</arg>
<doc>Verifies that current page contains ``text``.</doc>
<status status="PASS" start="2024-06-02T13:22:18.322117" elapsed="0.180723"/>
</kw>
<status status="PASS" start="2024-06-02T13:22:18.322117" elapsed="0.180723"/>
</kw>
<arg>admin@yourstore.com</arg>
<arg>${EMPTY}</arg>
<status status="PASS" start="2024-06-02T13:22:15.293440" elapsed="3.210417"/>
</kw>
<status status="PASS" start="2024-06-02T13:22:15.288433" elapsed="3.215424"/>
</test>
<test id="s1-s1-t2" name="Correct user wrong pass" line="10">
<kw name="Invalid login">
<kw name="InputUserName" owner="login_resource">
<kw name="Input Text" owner="SeleniumLibrary">
<msg time="2024-06-02T13:22:18.503857" level="INFO">Typing text 'admin@yourstore.com' into text field 'id:Email'.</msg>
<arg>id:Email</arg>
<arg>${username}</arg>
<doc>Types the given ``text`` into the text field identified by ``locator``.</doc>
<status status="PASS" start="2024-06-02T13:22:18.503857" elapsed="0.249074"/>
</kw>
<arg>${username}</arg>
<status status="PASS" start="2024-06-02T13:22:18.503857" elapsed="0.249074"/>
</kw>
<kw name="Inputpwd" owner="login_resource">
<kw name="Input Text" owner="SeleniumLibrary">
<msg time="2024-06-02T13:22:18.752931" level="INFO">Typing text 'xyxzx' into text field 'id:Password'.</msg>
<arg>id:Password</arg>
<arg>${password}</arg>
<doc>Types the given ``text`` into the text field identified by ``locator``.</doc>
<status status="PASS" start="2024-06-02T13:22:18.752931" elapsed="0.202823"/>
</kw>
<arg>${password}</arg>
<status status="PASS" start="2024-06-02T13:22:18.752931" elapsed="0.202823"/>
</kw>
<kw name="ClickLoginButton" owner="login_resource">
<kw name="Click Element" owner="SeleniumLibrary">
<msg time="2024-06-02T13:22:18.955754" level="INFO">Clicking element 'xpath://button[text()='Log in']'.</msg>
<arg>xpath://button[text()='Log in']</arg>
<doc>Click the element identified by ``locator``.</doc>
<status status="PASS" start="2024-06-02T13:22:18.955754" elapsed="0.518218"/>
</kw>
<status status="PASS" start="2024-06-02T13:22:18.955754" elapsed="0.518218"/>
</kw>
<kw name="ValidateErrorMessageLoginFailed" owner="login_resource">
<kw name="Page Should Contain" owner="SeleniumLibrary">
<msg time="2024-06-02T13:22:19.496460" level="INFO">Current page contains text 'Login was unsuccessful'.</msg>
<arg>Login was unsuccessful</arg>
<doc>Verifies that current page contains ``text``.</doc>
<status status="PASS" start="2024-06-02T13:22:19.475837" elapsed="0.020623"/>
</kw>
<status status="PASS" start="2024-06-02T13:22:19.475837" elapsed="0.020623"/>
</kw>
<arg>admin@yourstore.com</arg>
<arg>xyxzx</arg>
<status status="PASS" start="2024-06-02T13:22:18.503857" elapsed="0.992603"/>
</kw>
<status status="PASS" start="2024-06-02T13:22:18.503857" elapsed="0.993717"/>
</test>
<test id="s1-s1-t3" name="Wrong user right pass" line="11">
<kw name="Invalid login">
<kw name="InputUserName" owner="login_resource">
<kw name="Input Text" owner="SeleniumLibrary">
<msg time="2024-06-02T13:22:19.498082" level="INFO">Typing text 'ad@yourstore.com' into text field 'id:Email'.</msg>
<arg>id:Email</arg>
<arg>${username}</arg>
<doc>Types the given ``text`` into the text field identified by ``locator``.</doc>
<status status="PASS" start="2024-06-02T13:22:19.498082" elapsed="0.288122"/>
</kw>
<arg>${username}</arg>
<status status="PASS" start="2024-06-02T13:22:19.498082" elapsed="0.288122"/>
</kw>
<kw name="Inputpwd" owner="login_resource">
<kw name="Input Text" owner="SeleniumLibrary">
<msg time="2024-06-02T13:22:19.786204" level="INFO">Typing text 'admin' into text field 'id:Password'.</msg>
<arg>id:Password</arg>
<arg>${password}</arg>
<doc>Types the given ``text`` into the text field identified by ``locator``.</doc>
<status status="PASS" start="2024-06-02T13:22:19.786204" elapsed="0.233197"/>
</kw>
<arg>${password}</arg>
<status status="PASS" start="2024-06-02T13:22:19.786204" elapsed="0.233783"/>
</kw>
<kw name="ClickLoginButton" owner="login_resource">
<kw name="Click Element" owner="SeleniumLibrary">
<msg time="2024-06-02T13:22:20.020997" level="INFO">Clicking element 'xpath://button[text()='Log in']'.</msg>
<arg>xpath://button[text()='Log in']</arg>
<doc>Click the element identified by ``locator``.</doc>
<status status="PASS" start="2024-06-02T13:22:20.020997" elapsed="1.319072"/>
</kw>
<status status="PASS" start="2024-06-02T13:22:20.019987" elapsed="1.320082"/>
</kw>
<kw name="ValidateErrorMessageLoginFailed" owner="login_resource">
<kw name="Page Should Contain" owner="SeleniumLibrary">
<msg time="2024-06-02T13:22:21.361570" level="INFO">Current page contains text 'Login was unsuccessful'.</msg>
<arg>Login was unsuccessful</arg>
<doc>Verifies that current page contains ``text``.</doc>
<status status="PASS" start="2024-06-02T13:22:21.341885" elapsed="0.019685"/>
</kw>
<status status="PASS" start="2024-06-02T13:22:21.340069" elapsed="0.023018"/>
</kw>
<arg>ad@yourstore.com</arg>
<arg>admin</arg>
<status status="PASS" start="2024-06-02T13:22:19.498082" elapsed="1.865005"/>
</kw>
<status status="PASS" start="2024-06-02T13:22:19.498082" elapsed="1.865005"/>
</test>
<test id="s1-s1-t4" name="Wrong user empty pass" line="12">
<kw name="Invalid login">
<kw name="InputUserName" owner="login_resource">
<kw name="Input Text" owner="SeleniumLibrary">
<msg time="2024-06-02T13:22:21.363087" level="INFO">Typing text 'axyz@yourstore.com' into text field 'id:Email'.</msg>
<arg>id:Email</arg>
<arg>${username}</arg>
<doc>Types the given ``text`` into the text field identified by ``locator``.</doc>
<status status="PASS" start="2024-06-02T13:22:21.363087" elapsed="0.154546"/>
</kw>
<arg>${username}</arg>
<status status="PASS" start="2024-06-02T13:22:21.363087" elapsed="0.155109"/>
</kw>
<kw name="Inputpwd" owner="login_resource">
<kw name="Input Text" owner="SeleniumLibrary">
<msg time="2024-06-02T13:22:21.519530" level="INFO">Typing text '' into text field 'id:Password'.</msg>
<arg>id:Password</arg>
<arg>${password}</arg>
<doc>Types the given ``text`` into the text field identified by ``locator``.</doc>
<status status="PASS" start="2024-06-02T13:22:21.518709" elapsed="0.124335"/>
</kw>
<arg>${password}</arg>
<status status="PASS" start="2024-06-02T13:22:21.518196" elapsed="0.124848"/>
</kw>
<kw name="ClickLoginButton" owner="login_resource">
<kw name="Click Element" owner="SeleniumLibrary">
<msg time="2024-06-02T13:22:21.647188" level="INFO">Clicking element 'xpath://button[text()='Log in']'.</msg>
<arg>xpath://button[text()='Log in']</arg>
<doc>Click the element identified by ``locator``.</doc>
<status status="PASS" start="2024-06-02T13:22:21.647188" elapsed="0.523409"/>
</kw>
<status status="PASS" start="2024-06-02T13:22:21.643044" elapsed="0.527553"/>
</kw>
<kw name="ValidateErrorMessageLoginFailed" owner="login_resource">
<kw name="Page Should Contain" owner="SeleniumLibrary">
<msg time="2024-06-02T13:22:22.197179" level="INFO">Current page contains text 'Login was unsuccessful'.</msg>
<arg>Login was unsuccessful</arg>
<doc>Verifies that current page contains ``text``.</doc>
<status status="PASS" start="2024-06-02T13:22:22.170597" elapsed="0.026582"/>
</kw>
<status status="PASS" start="2024-06-02T13:22:22.170597" elapsed="0.026582"/>
</kw>
<arg>axyz@yourstore.com</arg>
<arg>${EMPTY}</arg>
<status status="PASS" start="2024-06-02T13:22:21.363087" elapsed="0.834092"/>
</kw>
<status status="PASS" start="2024-06-02T13:22:21.363087" elapsed="0.834092"/>
</test>
<test id="s1-s1-t5" name="Wrong user wrong pass" line="13">
<kw name="Invalid login">
<kw name="InputUserName" owner="login_resource">
<kw name="Input Text" owner="SeleniumLibrary">
<msg time="2024-06-02T13:22:22.197179" level="INFO">Typing text 'anan@yourstore.com' into text field 'id:Email'.</msg>
<arg>id:Email</arg>
<arg>${username}</arg>
<doc>Types the given ``text`` into the text field identified by ``locator``.</doc>
<status status="PASS" start="2024-06-02T13:22:22.197179" elapsed="0.155738"/>
</kw>
<arg>${username}</arg>
<status status="PASS" start="2024-06-02T13:22:22.197179" elapsed="0.155738"/>
</kw>
<kw name="Inputpwd" owner="login_resource">
<kw name="Input Text" owner="SeleniumLibrary">
<msg time="2024-06-02T13:22:22.353947" level="INFO">Typing text 'xyxzx123456' into text field 'id:Password'.</msg>
<arg>id:Password</arg>
<arg>${password}</arg>
<doc>Types the given ``text`` into the text field identified by ``locator``.</doc>
<status status="PASS" start="2024-06-02T13:22:22.353947" elapsed="0.162215"/>
</kw>
<arg>${password}</arg>
<status status="PASS" start="2024-06-02T13:22:22.353947" elapsed="0.162215"/>
</kw>
<kw name="ClickLoginButton" owner="login_resource">
<kw name="Click Element" owner="SeleniumLibrary">
<msg time="2024-06-02T13:22:22.516162" level="INFO">Clicking element 'xpath://button[text()='Log in']'.</msg>
<arg>xpath://button[text()='Log in']</arg>
<doc>Click the element identified by ``locator``.</doc>
<status status="PASS" start="2024-06-02T13:22:22.516162" elapsed="0.551633"/>
</kw>
<status status="PASS" start="2024-06-02T13:22:22.516162" elapsed="0.553486"/>
</kw>
<kw name="ValidateErrorMessageLoginFailed" owner="login_resource">
<kw name="Page Should Contain" owner="SeleniumLibrary">
<msg time="2024-06-02T13:22:23.113040" level="INFO">Current page contains text 'Login was unsuccessful'.</msg>
<arg>Login was unsuccessful</arg>
<doc>Verifies that current page contains ``text``.</doc>
<status status="PASS" start="2024-06-02T13:22:23.073012" elapsed="0.040028"/>
</kw>
<status status="PASS" start="2024-06-02T13:22:23.070500" elapsed="0.042540"/>
</kw>
<arg>anan@yourstore.com</arg>
<arg>xyxzx123456</arg>
<status status="PASS" start="2024-06-02T13:22:22.197179" elapsed="0.915861"/>
</kw>
<status status="PASS" start="2024-06-02T13:22:22.197179" elapsed="0.915861"/>
</test>
<kw name="closeMyBrowsers" owner="login_resource" type="TEARDOWN">
<kw name="Close All Browsers" owner="SeleniumLibrary">
<doc>Closes all open browsers and resets the browser cache.</doc>
<status status="PASS" start="2024-06-02T13:22:23.113040" elapsed="6.373166"/>
</kw>
<status status="PASS" start="2024-06-02T13:22:23.113040" elapsed="6.373166"/>
</kw>
<status status="PASS" start="2024-06-02T13:22:10.102157" elapsed="19.384049"/>
</suite>
<status status="PASS" start="2024-06-02T13:22:10.083243" elapsed="19.404805"/>
</suite>
<statistics>
<total>
<stat pass="5" fail="0" skip="0">All Tests</stat>
</total>
<tag>
</tag>
<suite>
<stat pass="5" fail="0" skip="0" id="s1" name="DataDrivenTestCases">DataDrivenTestCases</stat>
<stat pass="5" fail="0" skip="0" id="s1-s1" name="DatadrivenTest1">DataDrivenTestCases.DatadrivenTest1</stat>
</suite>
</statistics>
<errors>
</errors>
</robot>
