<?xml version="1.0" encoding="UTF-8"?>
<robot generator="Robot 7.0 (Python 3.12.3 on win32)" generated="2024-06-02T13:22:10.028498" rpa="false" schemaversion="5">
<suite id="s1" name="DataDrivenTestCases" source="C:\Users\Anand\RobertFrameworkpython\DataDrivenTestCases">
<suite id="s1-s1" name="DDTusingCSV" source="C:\Users\Anand\RobertFrameworkpython\DataDrivenTestCases\DDTusingCSV.robot">
<kw name="openMyBrowser" owner="login_resource" type="SETUP">
<kw name="Open Browser" owner="SeleniumLibrary">
<msg time="2024-06-02T13:22:10.578045" level="INFO">Opening browser 'headlesschrome' to base url 'https://admin-demo.nopcommerce.com/login?ReturnUrl=%2Fadmin%2F'.</msg>
<arg>${url}</arg>
<arg>${browser}</arg>
<doc>Opens a new browser instance to the optional ``url``.</doc>
<status status="PASS" start="2024-06-02T13:22:10.575036" elapsed="4.333533"/>
</kw>
<kw name="Maximize Browser Window" owner="SeleniumLibrary">
<doc>Maximizes current browser window.</doc>
<status status="PASS" start="2024-06-02T13:22:14.908569" elapsed="0.114344"/>
</kw>
<status status="PASS" start="2024-06-02T13:22:10.575036" elapsed="4.447877"/>
</kw>
<test id="s1-s1-t1" name="LoginTestUsingcsv using" line="10">
<kw name="invalidTestloginFailed">
<kw name="InputUserName" owner="login_resource">
<kw name="Input Text" owner="SeleniumLibrary">
<msg time="2024-06-02T13:22:15.039164" level="INFO">Typing text 'admin@your.com' into text field 'id:Email'.</msg>
<arg>id:Email</arg>
<arg>${username}</arg>
<doc>Types the given ``text`` into the text field identified by ``locator``.</doc>
<status status="PASS" start="2024-06-02T13:22:15.039164" elapsed="0.539614"/>
</kw>
<arg>${username}</arg>
<status status="PASS" start="2024-06-02T13:22:15.039164" elapsed="0.539614"/>
</kw>
<kw name="Inputpwd" owner="login_resource">
<kw name="Input Text" owner="SeleniumLibrary">
<msg time="2024-06-02T13:22:15.583951" level="INFO">Typing text 'adm' into text field 'id:Password'.</msg>
<arg>id:Password</arg>
<arg>${password}</arg>
<doc>Types the given ``text`` into the text field identified by ``locator``.</doc>
<status status="PASS" start="2024-06-02T13:22:15.583951" elapsed="0.219983"/>
</kw>
<arg>${password}</arg>
<status status="PASS" start="2024-06-02T13:22:15.583309" elapsed="0.221634"/>
</kw>
<kw name="ClickLoginButton" owner="login_resource">
<kw name="Click Element" owner="SeleniumLibrary">
<msg time="2024-06-02T13:22:15.804943" level="INFO">Clicking element 'xpath://button[text()='Log in']'.</msg>
<arg>xpath://button[text()='Log in']</arg>
<doc>Click the element identified by ``locator``.</doc>
<status status="PASS" start="2024-06-02T13:22:15.804943" elapsed="0.618935"/>
</kw>
<status status="PASS" start="2024-06-02T13:22:15.804943" elapsed="0.618935"/>
</kw>
<kw name="ValidateErrorMessageLoginFailed" owner="login_resource">
<kw name="Page Should Contain" owner="SeleniumLibrary">
<msg time="2024-06-02T13:22:16.621610" level="INFO">Current page contains text 'Login was unsuccessful'.</msg>
<arg>Login was unsuccessful</arg>
<doc>Verifies that current page contains ``text``.</doc>
<status status="PASS" start="2024-06-02T13:22:16.425253" elapsed="0.196357"/>
</kw>
<status status="PASS" start="2024-06-02T13:22:16.424685" elapsed="0.199934"/>
</kw>
<arg>username=admin@your.com</arg>
<arg>password=adm</arg>
<status status="PASS" start="2024-06-02T13:22:15.031068" elapsed="1.593551"/>
</kw>
<status status="PASS" start="2024-06-02T13:22:15.022913" elapsed="1.601706"/>
</test>
<test id="s1-s1-t2" name="LoginTestUsingcsv using" line="10">
<kw name="invalidTestloginFailed">
<kw name="InputUserName" owner="login_resource">
<kw name="Input Text" owner="SeleniumLibrary">
<msg time="2024-06-02T13:22:16.624619" level="INFO">Typing text 'admin123@your1.com' into text field 'id:Email'.</msg>
<arg>id:Email</arg>
<arg>${username}</arg>
<doc>Types the given ``text`` into the text field identified by ``locator``.</doc>
<status status="PASS" start="2024-06-02T13:22:16.624619" elapsed="0.371609"/>
</kw>
<arg>${username}</arg>
<status status="PASS" start="2024-06-02T13:22:16.624619" elapsed="0.371609"/>
</kw>
<kw name="Inputpwd" owner="login_resource">
<kw name="Input Text" owner="SeleniumLibrary">
<msg time="2024-06-02T13:22:16.996228" level="INFO">Typing text 'adm123' into text field 'id:Password'.</msg>
<arg>id:Password</arg>
<arg>${password}</arg>
<doc>Types the given ``text`` into the text field identified by ``locator``.</doc>
<status status="PASS" start="2024-06-02T13:22:16.996228" elapsed="0.058084"/>
</kw>
<arg>${password}</arg>
<status status="PASS" start="2024-06-02T13:22:16.996228" elapsed="0.058084"/>
</kw>
<kw name="ClickLoginButton" owner="login_resource">
<kw name="Click Element" owner="SeleniumLibrary">
<msg time="2024-06-02T13:22:17.054312" level="INFO">Clicking element 'xpath://button[text()='Log in']'.</msg>
<arg>xpath://button[text()='Log in']</arg>
<doc>Click the element identified by ``locator``.</doc>
<status status="PASS" start="2024-06-02T13:22:17.054312" elapsed="0.482595"/>
</kw>
<status status="PASS" start="2024-06-02T13:22:17.054312" elapsed="0.482595"/>
</kw>
<kw name="ValidateErrorMessageLoginFailed" owner="login_resource">
<kw name="Page Should Contain" owner="SeleniumLibrary">
<msg time="2024-06-02T13:22:18.125637" level="INFO">Current page contains text 'Login was unsuccessful'.</msg>
<arg>Login was unsuccessful</arg>
<doc>Verifies that current page contains ``text``.</doc>
<status status="PASS" start="2024-06-02T13:22:17.542392" elapsed="0.587788"/>
</kw>
<status status="PASS" start="2024-06-02T13:22:17.536907" elapsed="0.593273"/>
</kw>
<arg>username=admin123@your1.com</arg>
<arg>password=adm123</arg>
<status status="PASS" start="2024-06-02T13:22:16.624619" elapsed="1.505561"/>
</kw>
<status status="PASS" start="2024-06-02T13:22:16.624619" elapsed="1.505561"/>
</test>
<test id="s1-s1-t3" name="LoginTestUsingcsv using" line="10">
<kw name="invalidTestloginFailed">
<kw name="InputUserName" owner="login_resource">
<kw name="Input Text" owner="SeleniumLibrary">
<msg time="2024-06-02T13:22:18.133190" level="INFO">Typing text 'admin0099@your.com' into text field 'id:Email'.</msg>
<arg>id:Email</arg>
<arg>${username}</arg>
<doc>Types the given ``text`` into the text field identified by ``locator``.</doc>
<status status="PASS" start="2024-06-02T13:22:18.133190" elapsed="0.787062"/>
</kw>
<arg>${username}</arg>
<status status="PASS" start="2024-06-02T13:22:18.133190" elapsed="0.787062"/>
</kw>
<kw name="Inputpwd" owner="login_resource">
<kw name="Input Text" owner="SeleniumLibrary">
<msg time="2024-06-02T13:22:18.923687" level="INFO">Typing text 'adm00099' into text field 'id:Password'.</msg>
<arg>id:Password</arg>
<arg>${password}</arg>
<doc>Types the given ``text`` into the text field identified by ``locator``.</doc>
<status status="PASS" start="2024-06-02T13:22:18.923083" elapsed="0.432615"/>
</kw>
<arg>${password}</arg>
<status status="PASS" start="2024-06-02T13:22:18.922039" elapsed="0.433659"/>
</kw>
<kw name="ClickLoginButton" owner="login_resource">
<kw name="Click Element" owner="SeleniumLibrary">
<msg time="2024-06-02T13:22:19.359244" level="INFO">Clicking element 'xpath://button[text()='Log in']'.</msg>
<arg>xpath://button[text()='Log in']</arg>
<doc>Click the element identified by ``locator``.</doc>
<status status="PASS" start="2024-06-02T13:22:19.355698" elapsed="0.587093"/>
</kw>
<status status="PASS" start="2024-06-02T13:22:19.355698" elapsed="0.592125"/>
</kw>
<kw name="ValidateErrorMessageLoginFailed" owner="login_resource">
<kw name="Page Should Contain" owner="SeleniumLibrary">
<msg time="2024-06-02T13:22:20.144082" level="INFO">Current page contains text 'Login was unsuccessful'.</msg>
<arg>Login was unsuccessful</arg>
<doc>Verifies that current page contains ``text``.</doc>
<status status="PASS" start="2024-06-02T13:22:19.947823" elapsed="0.196259"/>
</kw>
<status status="PASS" start="2024-06-02T13:22:19.947823" elapsed="0.196259"/>
</kw>
<arg>username=admin0099@your.com</arg>
<arg>password=adm00099</arg>
<status status="PASS" start="2024-06-02T13:22:18.133190" elapsed="2.012546"/>
</kw>
<status status="PASS" start="2024-06-02T13:22:18.133190" elapsed="2.012546"/>
</test>
<kw name="closeMyBrowsers" owner="login_resource" type="TEARDOWN">
<kw name="Close All Browsers" owner="SeleniumLibrary">
<doc>Closes all open browsers and resets the browser cache.</doc>
<status status="PASS" start="2024-06-02T13:22:20.146987" elapsed="6.656988"/>
</kw>
<status status="PASS" start="2024-06-02T13:22:20.146987" elapsed="6.656988"/>
</kw>
<status status="PASS" start="2024-06-02T13:22:10.107760" elapsed="16.696215"/>
</suite>
<status status="PASS" start="2024-06-02T13:22:10.083243" elapsed="16.724811"/>
</suite>
<statistics>
<total>
<stat pass="3" fail="0" skip="0">All Tests</stat>
</total>
<tag>
</tag>
<suite>
<stat pass="3" fail="0" skip="0" id="s1" name="DataDrivenTestCases">DataDrivenTestCases</stat>
<stat pass="3" fail="0" skip="0" id="s1-s1" name="DDTusingCSV">DataDrivenTestCases.DDTusingCSV</stat>
</suite>
</statistics>
<errors>
<msg time="2024-06-02T13:22:16.624619" level="WARN">Multiple tests with name 'LoginTestUsingcsv using' executed in suite 'DataDrivenTestCases.DDTusingCSV'.</msg>
<msg time="2024-06-02T13:22:18.133190" level="WARN">Multiple tests with name 'LoginTestUsingcsv using' executed in suite 'DataDrivenTestCases.DDTusingCSV'.</msg>
</errors>
</robot>
